Started GET "/" for ::1 at 2021-11-08 22:06:00 +0530
  [1m[35m (0.5ms)[0m  [1m[34mSELECT "schema_migrations"."version" FROM "schema_migrations" ORDER BY "schema_migrations"."version" ASC[0m
Processing by ArticlesController#index as HTML
  Rendering articles/index.html.erb within layouts/application
  [1m[36mArticle Load (0.5ms)[0m  [1m[34mSELECT "articles".* FROM "articles"[0m
  ↳ app/views/articles/index.html.erb:15
  Rendered collection of templates [0 times] (Duration: 0.0ms | Allocations: 3)
  Rendered articles/index.html.erb within layouts/application (Duration: 3.6ms | Allocations: 1504)
[Webpacker] Compiling...
[Webpacker] Compilation failed:
yarn run v1.22.17
info Visit https://yarnpkg.com/en/docs/cli/run for documentation about this command.


error Command "webpack" not found.

Completed 200 OK in 1166ms (Views: 1142.1ms | ActiveRecord: 1.5ms | MongoDB: 0.0ms | Allocations: 32348)


Started GET "/articles/new" for ::1 at 2021-11-08 22:06:05 +0530
Processing by ArticlesController#new as HTML
  Rendering articles/new.html.erb within layouts/application
  Rendered articles/_form.html.erb (Duration: 235.8ms | Allocations: 361682)
  Rendered articles/new.html.erb within layouts/application (Duration: 236.7ms | Allocations: 362032)
[Webpacker] Everything's up-to-date. Nothing to do
Completed 200 OK in 254ms (Views: 240.5ms | ActiveRecord: 3.6ms | MongoDB: 0.0ms | Allocations: 369406)


Started POST "/articles" for ::1 at 2021-11-08 22:07:23 +0530
Processing by ArticlesController#create as HTML
  Parameters: {"authenticity_token"=>"5EaQHl9hJINTsYArgRGFo9AaVF+cf4QF+yYFGX0LVMi7ox+DwRDl3rDPtlRI6Y7Xe+QWWI6dEsM2JxbPseIQCw==", "article"=>{"title"=>"New Article about Hybrid Cars", "body"=>"Hybrid Cars are the future considering the shortage of power capacity in India"}, "commit"=>"Create Article"}
  [1m[35m (0.2ms)[0m  [1m[35mBEGIN[0m
  ↳ app/controllers/articles_controller.rb:31:in `block in create'
  [1m[36mArticle Create (1.9ms)[0m  [1m[32mINSERT INTO "articles" ("title", "body", "created_at", "updated_at") VALUES ($1, $2, $3, $4) RETURNING "id"[0m  [["title", "New Article about Hybrid Cars"], ["body", "Hybrid Cars are the future considering the shortage of power capacity in India"], ["created_at", "2021-11-08 16:37:23.043970"], ["updated_at", "2021-11-08 16:37:23.043970"]]
  ↳ app/controllers/articles_controller.rb:31:in `block in create'
MONGODB | Topology type 'unknown' initializing.
MONGODB | There was a change in the members of the 'Unknown' topology.
MONGODB | Server localhost:27017 initializing.
MONGODB | Waiting for up to 30.00 seconds for servers to be scanned: #<Cluster topology=Unknown[localhost:27017] servers=[#<Server address=localhost:27017 UNKNOWN>]>
MONGODB | Server description for localhost:27017 changed from 'unknown' to 'standalone'.
MONGODB | Topology type 'Unknown' changed to type 'Single'.
MONGODB | localhost:27017 req:6 conn:1:1 sconn:3 | my_paper_db.findAndModify | STARTED | {"findAndModify"=>"auto_increment_counters", "query"=>{"_id"=>"mongo_trails/version_integer_id_paper_trail"}, "update"=>{"$inc"=>{"c"=>1}}, "new"=>true, "upsert"=>true, "$db"=>"my_paper_db", "lsid"=>{"id"=><BSON::Binary:0x70244429048800 type=uuid data...
MONGODB | localhost:27017 req:6 | my_paper_db.findAndModify | SUCCEEDED | 0.009s
MONGODB | localhost:27017 req:7 conn:1:1 sconn:3 | my_paper_db.insert | STARTED | {"insert"=>"paper_trail_versions", "ordered"=>true, "documents"=>[{"_id"=>BSON::ObjectId('618952430a53650a3e81929b'), "event"=>"create", "whodunnit"=>nil, "created_at"=>2021-11-08 16:37:23 UTC, "object_changes"=>{"id"=>[nil, 5], "title"=>[nil, "New Ar...
MONGODB | localhost:27017 req:7 | my_paper_db.insert | SUCCEEDED | 0.004s
  [1m[35m (0.5ms)[0m  [1m[35mCOMMIT[0m
  ↳ app/controllers/articles_controller.rb:31:in `block in create'
Redirected to http://localhost:3000/articles/5
Completed 302 Found in 31ms (ActiveRecord: 2.5ms | MongoDB: 0.0ms | Allocations: 8761)


Started GET "/articles/5" for ::1 at 2021-11-08 22:07:23 +0530
Processing by ArticlesController#show as HTML
  Parameters: {"id"=>"5"}
  [1m[36mArticle Load (0.2ms)[0m  [1m[34mSELECT "articles".* FROM "articles" WHERE "articles"."id" = $1 LIMIT $2[0m  [["id", 5], ["LIMIT", 1]]
  ↳ app/controllers/articles_controller.rb:105:in `set_article'
  Rendering articles/show.html.erb within layouts/application
  Rendered articles/show.html.erb within layouts/application (Duration: 0.5ms | Allocations: 273)
[Webpacker] Everything's up-to-date. Nothing to do
Completed 200 OK in 7ms (Views: 4.1ms | ActiveRecord: 0.3ms | MongoDB: 0.0ms | Allocations: 5415)


Started GET "/" for ::1 at 2021-11-08 22:07:25 +0530
Processing by ArticlesController#index as HTML
  Rendering articles/index.html.erb within layouts/application
  [1m[36mArticle Load (0.3ms)[0m  [1m[34mSELECT "articles".* FROM "articles"[0m
  ↳ app/views/articles/index.html.erb:15
  Rendered collection of articles/_article.html.erb [1 times] (Duration: 1.1ms | Allocations: 686)
  Rendered articles/index.html.erb within layouts/application (Duration: 3.1ms | Allocations: 1692)
[Webpacker] Everything's up-to-date. Nothing to do
Completed 200 OK in 9ms (Views: 7.7ms | ActiveRecord: 0.3ms | MongoDB: 0.0ms | Allocations: 5677)


Started GET "/articles/5/edit" for ::1 at 2021-11-08 22:07:29 +0530
Processing by ArticlesController#edit as HTML
  Parameters: {"id"=>"5"}
  [1m[36mArticle Load (0.3ms)[0m  [1m[34mSELECT "articles".* FROM "articles" WHERE "articles"."id" = $1 LIMIT $2[0m  [["id", 5], ["LIMIT", 1]]
  ↳ app/controllers/articles_controller.rb:105:in `set_article'
  Rendering articles/edit.html.erb within layouts/application
  Rendered articles/_form.html.erb (Duration: 1.4ms | Allocations: 773)
  Rendered articles/edit.html.erb within layouts/application (Duration: 2.0ms | Allocations: 1029)
[Webpacker] Everything's up-to-date. Nothing to do
Completed 200 OK in 10ms (Views: 7.7ms | ActiveRecord: 0.3ms | MongoDB: 0.0ms | Allocations: 5712)


MONGODB | Server description for localhost:27017 changed from 'standalone' to 'standalone'.
MONGODB | There was a change in the members of the 'Single' topology.
Started PATCH "/articles/5" for ::1 at 2021-11-08 22:07:49 +0530
Processing by ArticlesController#update as HTML
  Parameters: {"authenticity_token"=>"Xe+15KJq5lIt/2t9/ZIt7nNhEpRYIZbt86S/t9tWYvnGdfrP65agCKAuPTNahd6SdXAUqGfbTHgMAMHOyRyacQ==", "article"=>{"title"=>"New Article about Hybrid Cars", "body"=>"Hybrid Cars are the future while considering the shortage of power capacity in India."}, "commit"=>"Update Article", "id"=>"5"}
  [1m[36mArticle Load (0.2ms)[0m  [1m[34mSELECT "articles".* FROM "articles" WHERE "articles"."id" = $1 LIMIT $2[0m  [["id", 5], ["LIMIT", 1]]
  ↳ app/controllers/articles_controller.rb:105:in `set_article'
  [1m[35m (0.1ms)[0m  [1m[35mBEGIN[0m
  ↳ app/controllers/articles_controller.rb:45:in `block in update'
  [1m[36mArticle Update (0.4ms)[0m  [1m[33mUPDATE "articles" SET "body" = $1, "updated_at" = $2 WHERE "articles"."id" = $3[0m  [["body", "Hybrid Cars are the future while considering the shortage of power capacity in India."], ["updated_at", "2021-11-08 16:37:49.502396"], ["id", 5]]
  ↳ app/controllers/articles_controller.rb:45:in `block in update'
MONGODB | localhost:27017 req:10 conn:1:1 sconn:3 | my_paper_db.findAndModify | STARTED | {"findAndModify"=>"auto_increment_counters", "query"=>{"_id"=>"mongo_trails/version_integer_id_paper_trail"}, "update"=>{"$inc"=>{"c"=>1}}, "new"=>true, "upsert"=>true, "$db"=>"my_paper_db", "lsid"=>{"id"=><BSON::Binary:0x70244429048800 type=uuid data...
MONGODB | localhost:27017 req:10 | my_paper_db.findAndModify | SUCCEEDED | 0.000s
MONGODB | localhost:27017 req:11 conn:1:1 sconn:3 | my_paper_db.insert | STARTED | {"insert"=>"paper_trail_versions", "ordered"=>true, "documents"=>[{"_id"=>BSON::ObjectId('6189525d0a53650a3e81929c'), "event"=>"update", "whodunnit"=>nil, "created_at"=>2021-11-08 16:37:49 UTC, "object"=>{"id"=>5, "title"=>"New Article about Hybrid Ca...
MONGODB | localhost:27017 req:11 | my_paper_db.insert | SUCCEEDED | 0.000s
  [1m[35m (0.5ms)[0m  [1m[35mCOMMIT[0m
  ↳ app/controllers/articles_controller.rb:45:in `block in update'
Redirected to http://localhost:3000/articles/5
Completed 302 Found in 9ms (ActiveRecord: 1.3ms | MongoDB: 0.0ms | Allocations: 6573)


Started GET "/articles/5" for ::1 at 2021-11-08 22:07:49 +0530
Processing by ArticlesController#show as HTML
  Parameters: {"id"=>"5"}
  [1m[36mArticle Load (0.2ms)[0m  [1m[34mSELECT "articles".* FROM "articles" WHERE "articles"."id" = $1 LIMIT $2[0m  [["id", 5], ["LIMIT", 1]]
  ↳ app/controllers/articles_controller.rb:105:in `set_article'
  Rendering articles/show.html.erb within layouts/application
  Rendered articles/show.html.erb within layouts/application (Duration: 0.2ms | Allocations: 87)
[Webpacker] Everything's up-to-date. Nothing to do
Completed 200 OK in 5ms (Views: 3.6ms | ActiveRecord: 0.2ms | MongoDB: 0.0ms | Allocations: 4639)


Started GET "/" for ::1 at 2021-11-08 22:07:52 +0530
Processing by ArticlesController#index as HTML
  Rendering articles/index.html.erb within layouts/application
  [1m[36mArticle Load (0.3ms)[0m  [1m[34mSELECT "articles".* FROM "articles"[0m
  ↳ app/views/articles/index.html.erb:15
  Rendered collection of articles/_article.html.erb [1 times] (Duration: 0.3ms | Allocations: 183)
  Rendered articles/index.html.erb within layouts/application (Duration: 1.7ms | Allocations: 1020)
[Webpacker] Everything's up-to-date. Nothing to do
Completed 200 OK in 7ms (Views: 6.3ms | ActiveRecord: 0.3ms | MongoDB: 0.0ms | Allocations: 5005)


Started GET "/articles/5/versions" for ::1 at 2021-11-08 22:07:53 +0530
Processing by ArticlesController#versions as HTML
  Parameters: {"id"=>"5"}
  [1m[36mArticle Load (0.3ms)[0m  [1m[34mSELECT "articles".* FROM "articles" WHERE "articles"."id" = $1 LIMIT $2[0m  [["id", 5], ["LIMIT", 1]]
  ↳ app/controllers/articles_controller.rb:105:in `set_article'
  Rendering articles/versions.html.erb within layouts/application
MONGODB | localhost:27017 req:13 conn:1:1 sconn:3 | my_paper_db.find | STARTED | {"find"=>"paper_trail_versions", "filter"=>{"item_type"=>"Article", "item_id"=>"5"}, "sort"=>{"created_at"=>1}, "$db"=>"my_paper_db", "lsid"=>{"id"=><BSON::Binary:0x70244429048800 type=uuid data=0x037f84fccb694707...>}}
MONGODB | localhost:27017 req:13 | my_paper_db.find | SUCCEEDED | 0.009s
  [1m[36mCACHE Article Load (0.0ms)[0m  [1m[34mSELECT "articles".* FROM "articles" WHERE "articles"."id" = $1 LIMIT $2[0m  [["id", 5], ["LIMIT", 1]]
  ↳ app/views/articles/_article.html.erb:3
  [1m[36mCACHE Article Load (0.0ms)[0m  [1m[34mSELECT "articles".* FROM "articles" WHERE "articles"."id" = $1 LIMIT $2[0m  [["id", 5], ["LIMIT", 1]]
  ↳ app/views/articles/_article.html.erb:3
  [1m[36mCACHE Article Load (0.0ms)[0m  [1m[34mSELECT "articles".* FROM "articles" WHERE "articles"."id" = $1 LIMIT $2[0m  [["id", 5], ["LIMIT", 1]]
  ↳ app/views/articles/_article.html.erb:4
  [1m[36mCACHE Article Load (0.0ms)[0m  [1m[34mSELECT "articles".* FROM "articles" WHERE "articles"."id" = $1 LIMIT $2[0m  [["id", 5], ["LIMIT", 1]]
  ↳ app/views/articles/_article.html.erb:4
  [1m[36mComment Load (1.9ms)[0m  [1m[34mSELECT "comments".* FROM "comments" WHERE "comments"."article_id" = $1[0m  [["article_id", 5]]
  ↳ app/views/articles/_article.html.erb:7
  Rendered collection of articles/_article.html.erb [2 times] (Duration: 22.5ms | Allocations: 7986)
  Rendered articles/versions.html.erb within layouts/application (Duration: 33.3ms | Allocations: 10616)
[Webpacker] Everything's up-to-date. Nothing to do
Completed 200 OK in 40ms (Views: 34.8ms | ActiveRecord: 3.4ms | MongoDB: 0.0ms | Allocations: 15331)


Started GET "/articles" for ::1 at 2021-11-08 22:07:59 +0530
Processing by ArticlesController#index as HTML
  Rendering articles/index.html.erb within layouts/application
  [1m[36mArticle Load (0.3ms)[0m  [1m[34mSELECT "articles".* FROM "articles"[0m
  ↳ app/views/articles/index.html.erb:15
  Rendered collection of articles/_article.html.erb [1 times] (Duration: 0.4ms | Allocations: 185)
  Rendered articles/index.html.erb within layouts/application (Duration: 1.9ms | Allocations: 1012)
[Webpacker] Everything's up-to-date. Nothing to do
Completed 200 OK in 8ms (Views: 6.9ms | ActiveRecord: 0.3ms | MongoDB: 0.0ms | Allocations: 4986)


Started GET "/articles/5" for ::1 at 2021-11-08 22:08:02 +0530
Processing by ArticlesController#show as HTML
  Parameters: {"id"=>"5"}
  [1m[36mArticle Load (0.2ms)[0m  [1m[34mSELECT "articles".* FROM "articles" WHERE "articles"."id" = $1 LIMIT $2[0m  [["id", 5], ["LIMIT", 1]]
  ↳ app/controllers/articles_controller.rb:105:in `set_article'
  Rendering articles/show.html.erb within layouts/application
  Rendered articles/show.html.erb within layouts/application (Duration: 0.2ms | Allocations: 83)
[Webpacker] Everything's up-to-date. Nothing to do
Completed 200 OK in 8ms (Views: 6.1ms | ActiveRecord: 0.2ms | MongoDB: 0.0ms | Allocations: 4620)


Started GET "/" for ::1 at 2021-11-08 22:08:03 +0530
Processing by ArticlesController#index as HTML
  Rendering articles/index.html.erb within layouts/application
  [1m[36mArticle Load (0.3ms)[0m  [1m[34mSELECT "articles".* FROM "articles"[0m
  ↳ app/views/articles/index.html.erb:15
  Rendered collection of articles/_article.html.erb [1 times] (Duration: 0.4ms | Allocations: 182)
  Rendered articles/index.html.erb within layouts/application (Duration: 1.9ms | Allocations: 1008)
[Webpacker] Everything's up-to-date. Nothing to do
Completed 200 OK in 8ms (Views: 7.1ms | ActiveRecord: 0.3ms | MongoDB: 0.0ms | Allocations: 4983)


Started GET "/articles/deleted" for ::1 at 2021-11-08 22:08:05 +0530
Processing by ArticlesController#deleted as HTML
Completed 500 Internal Server Error in 13ms (ActiveRecord: 0.9ms | MongoDB: 0.0ms | Allocations: 4370)


  
ActiveRecord::StatementInvalid (PG::UndefinedTable: ERROR:  relation "versions" does not exist
LINE 8:  WHERE a.attrelid = '"versions"'::regclass
                            ^
):
  
app/controllers/articles_controller.rb:83:in `deleted'
Started GET "/" for ::1 at 2021-11-08 22:08:31 +0530
Processing by ArticlesController#index as HTML
  Rendering articles/index.html.erb within layouts/application
  [1m[36mArticle Load (0.3ms)[0m  [1m[34mSELECT "articles".* FROM "articles"[0m
  ↳ app/views/articles/index.html.erb:15
  Rendered collection of articles/_article.html.erb [1 times] (Duration: 0.3ms | Allocations: 182)
  Rendered articles/index.html.erb within layouts/application (Duration: 1.7ms | Allocations: 1007)
[Webpacker] Everything's up-to-date. Nothing to do
Completed 200 OK in 7ms (Views: 5.9ms | ActiveRecord: 0.3ms | MongoDB: 0.0ms | Allocations: 4980)


Started GET "/articles/5" for ::1 at 2021-11-08 22:08:34 +0530
Processing by ArticlesController#show as HTML
  Parameters: {"id"=>"5"}
  [1m[36mArticle Load (0.2ms)[0m  [1m[34mSELECT "articles".* FROM "articles" WHERE "articles"."id" = $1 LIMIT $2[0m  [["id", 5], ["LIMIT", 1]]
  ↳ app/controllers/articles_controller.rb:105:in `set_article'
  Rendering articles/show.html.erb within layouts/application
  Rendered articles/show.html.erb within layouts/application (Duration: 0.2ms | Allocations: 83)
[Webpacker] Everything's up-to-date. Nothing to do
Completed 200 OK in 6ms (Views: 4.8ms | ActiveRecord: 0.2ms | MongoDB: 0.0ms | Allocations: 4623)


Started GET "/" for ::1 at 2021-11-08 22:08:35 +0530
Processing by ArticlesController#index as HTML
  Rendering articles/index.html.erb within layouts/application
  [1m[36mArticle Load (0.3ms)[0m  [1m[34mSELECT "articles".* FROM "articles"[0m
  ↳ app/views/articles/index.html.erb:15
  Rendered collection of articles/_article.html.erb [1 times] (Duration: 0.4ms | Allocations: 182)
  Rendered articles/index.html.erb within layouts/application (Duration: 2.0ms | Allocations: 1008)
[Webpacker] Everything's up-to-date. Nothing to do
Completed 200 OK in 9ms (Views: 8.0ms | ActiveRecord: 0.3ms | MongoDB: 0.0ms | Allocations: 4976)


Started GET "/articles/deleted" for ::1 at 2021-11-08 22:08:36 +0530
Processing by ArticlesController#deleted as HTML
Completed 500 Internal Server Error in 1ms (ActiveRecord: 0.6ms | MongoDB: 0.0ms | Allocations: 1156)


  
ActiveRecord::StatementInvalid (PG::UndefinedTable: ERROR:  relation "versions" does not exist
LINE 8:  WHERE a.attrelid = '"versions"'::regclass
                            ^
):
  
app/controllers/articles_controller.rb:83:in `deleted'
Started GET "/" for ::1 at 2021-11-08 22:08:43 +0530
Processing by ArticlesController#index as HTML
  Rendering articles/index.html.erb within layouts/application
  [1m[36mArticle Load (0.3ms)[0m  [1m[34mSELECT "articles".* FROM "articles"[0m
  ↳ app/views/articles/index.html.erb:15
  Rendered collection of articles/_article.html.erb [1 times] (Duration: 0.4ms | Allocations: 182)
  Rendered articles/index.html.erb within layouts/application (Duration: 2.1ms | Allocations: 1007)
[Webpacker] Everything's up-to-date. Nothing to do
Completed 200 OK in 7ms (Views: 6.3ms | ActiveRecord: 0.3ms | MongoDB: 0.0ms | Allocations: 4978)


Started GET "/articles/new" for ::1 at 2021-11-08 22:08:46 +0530
Processing by ArticlesController#new as HTML
  Rendering articles/new.html.erb within layouts/application
  Rendered articles/_form.html.erb (Duration: 1.4ms | Allocations: 703)
  Rendered articles/new.html.erb within layouts/application (Duration: 1.6ms | Allocations: 790)
[Webpacker] Everything's up-to-date. Nothing to do
Completed 200 OK in 8ms (Views: 7.2ms | ActiveRecord: 0.0ms | MongoDB: 0.0ms | Allocations: 4761)


Started POST "/articles" for ::1 at 2021-11-08 22:09:50 +0530
Processing by ArticlesController#create as HTML
  Parameters: {"authenticity_token"=>"EIMWO0bnrMvyz8fDPPdu8lTj/rL1/fJnrwg1tEKLuUZPZpmm2JZtlhGx8bz1D2WG/x28tecfZKFiCSZijmL9hQ==", "article"=>{"title"=>"Latest happenings in Ruby", "body"=>"Ruby is one of the best language to code for web applications"}, "commit"=>"Create Article"}
  [1m[35m (0.1ms)[0m  [1m[35mBEGIN[0m
  ↳ app/controllers/articles_controller.rb:31:in `block in create'
  [1m[36mArticle Create (0.3ms)[0m  [1m[32mINSERT INTO "articles" ("title", "body", "created_at", "updated_at") VALUES ($1, $2, $3, $4) RETURNING "id"[0m  [["title", "Latest happenings in Ruby"], ["body", "Ruby is one of the best language to code for web applications"], ["created_at", "2021-11-08 16:39:50.120247"], ["updated_at", "2021-11-08 16:39:50.120247"]]
  ↳ app/controllers/articles_controller.rb:31:in `block in create'
MONGODB | localhost:27017 req:25 conn:1:1 sconn:3 | my_paper_db.findAndModify | STARTED | {"findAndModify"=>"auto_increment_counters", "query"=>{"_id"=>"mongo_trails/version_integer_id_paper_trail"}, "update"=>{"$inc"=>{"c"=>1}}, "new"=>true, "upsert"=>true, "$db"=>"my_paper_db", "lsid"=>{"id"=><BSON::Binary:0x70244429048800 type=uuid data...
MONGODB | localhost:27017 req:25 | my_paper_db.findAndModify | SUCCEEDED | 0.001s
MONGODB | localhost:27017 req:26 conn:1:1 sconn:3 | my_paper_db.insert | STARTED | {"insert"=>"paper_trail_versions", "ordered"=>true, "documents"=>[{"_id"=>BSON::ObjectId('618952d60a53650a3e81929d'), "event"=>"create", "whodunnit"=>nil, "created_at"=>2021-11-08 16:39:50 UTC, "object_changes"=>{"id"=>[nil, 6], "title"=>[nil, "Latest...
MONGODB | localhost:27017 req:26 | my_paper_db.insert | SUCCEEDED | 0.000s
  [1m[35m (0.6ms)[0m  [1m[35mCOMMIT[0m
  ↳ app/controllers/articles_controller.rb:31:in `block in create'
Redirected to http://localhost:3000/articles/6
Completed 302 Found in 12ms (ActiveRecord: 1.0ms | MongoDB: 0.0ms | Allocations: 5744)


Started GET "/articles/6" for ::1 at 2021-11-08 22:09:50 +0530
Processing by ArticlesController#show as HTML
  Parameters: {"id"=>"6"}
  [1m[36mArticle Load (0.2ms)[0m  [1m[34mSELECT "articles".* FROM "articles" WHERE "articles"."id" = $1 LIMIT $2[0m  [["id", 6], ["LIMIT", 1]]
  ↳ app/controllers/articles_controller.rb:105:in `set_article'
  Rendering articles/show.html.erb within layouts/application
  Rendered articles/show.html.erb within layouts/application (Duration: 0.2ms | Allocations: 85)
[Webpacker] Everything's up-to-date. Nothing to do
Completed 200 OK in 5ms (Views: 3.6ms | ActiveRecord: 0.2ms | MongoDB: 0.0ms | Allocations: 4637)


Started GET "/articles/6/edit" for ::1 at 2021-11-08 22:09:51 +0530
Processing by ArticlesController#edit as HTML
  Parameters: {"id"=>"6"}
  [1m[36mArticle Load (0.2ms)[0m  [1m[34mSELECT "articles".* FROM "articles" WHERE "articles"."id" = $1 LIMIT $2[0m  [["id", 6], ["LIMIT", 1]]
  ↳ app/controllers/articles_controller.rb:105:in `set_article'
  Rendering articles/edit.html.erb within layouts/application
  Rendered articles/_form.html.erb (Duration: 1.3ms | Allocations: 744)
  Rendered articles/edit.html.erb within layouts/application (Duration: 1.6ms | Allocations: 862)
[Webpacker] Everything's up-to-date. Nothing to do
Completed 200 OK in 10ms (Views: 7.9ms | ActiveRecord: 0.2ms | MongoDB: 0.0ms | Allocations: 5397)


Started PATCH "/articles/6" for ::1 at 2021-11-08 22:09:57 +0530
Processing by ArticlesController#update as HTML
  Parameters: {"authenticity_token"=>"TwWVlnRKuqjo3kbn45xp2XDLxnOUcaSLd7l+pG5U2D9Amd3DfENnkih1xZuwQUrioK+ZjSHU8hYzXN8sPXCaSA==", "article"=>{"title"=>"Latest happenings in Ruby", "body"=>"Ruby is one of the best languages to code for web applications"}, "commit"=>"Update Article", "id"=>"6"}
  [1m[36mArticle Load (0.2ms)[0m  [1m[34mSELECT "articles".* FROM "articles" WHERE "articles"."id" = $1 LIMIT $2[0m  [["id", 6], ["LIMIT", 1]]
  ↳ app/controllers/articles_controller.rb:105:in `set_article'
  [1m[35m (0.1ms)[0m  [1m[35mBEGIN[0m
  ↳ app/controllers/articles_controller.rb:45:in `block in update'
  [1m[36mArticle Update (0.3ms)[0m  [1m[33mUPDATE "articles" SET "body" = $1, "updated_at" = $2 WHERE "articles"."id" = $3[0m  [["body", "Ruby is one of the best languages to code for web applications"], ["updated_at", "2021-11-08 16:39:57.233348"], ["id", 6]]
  ↳ app/controllers/articles_controller.rb:45:in `block in update'
MONGODB | localhost:27017 req:28 conn:1:1 sconn:3 | my_paper_db.findAndModify | STARTED | {"findAndModify"=>"auto_increment_counters", "query"=>{"_id"=>"mongo_trails/version_integer_id_paper_trail"}, "update"=>{"$inc"=>{"c"=>1}}, "new"=>true, "upsert"=>true, "$db"=>"my_paper_db", "lsid"=>{"id"=><BSON::Binary:0x70244429048800 type=uuid data...
MONGODB | localhost:27017 req:28 | my_paper_db.findAndModify | SUCCEEDED | 0.000s
MONGODB | localhost:27017 req:29 conn:1:1 sconn:3 | my_paper_db.insert | STARTED | {"insert"=>"paper_trail_versions", "ordered"=>true, "documents"=>[{"_id"=>BSON::ObjectId('618952dd0a53650a3e81929e'), "event"=>"update", "whodunnit"=>nil, "created_at"=>2021-11-08 16:39:57 UTC, "object"=>{"id"=>6, "title"=>"Latest happenings in Ruby",...
MONGODB | localhost:27017 req:29 | my_paper_db.insert | SUCCEEDED | 0.000s
  [1m[35m (0.3ms)[0m  [1m[35mCOMMIT[0m
  ↳ app/controllers/articles_controller.rb:45:in `block in update'
Redirected to http://localhost:3000/articles/6
Completed 302 Found in 8ms (ActiveRecord: 0.9ms | MongoDB: 0.0ms | Allocations: 6455)


Started GET "/articles/6" for ::1 at 2021-11-08 22:09:57 +0530
Processing by ArticlesController#show as HTML
  Parameters: {"id"=>"6"}
  [1m[36mArticle Load (0.1ms)[0m  [1m[34mSELECT "articles".* FROM "articles" WHERE "articles"."id" = $1 LIMIT $2[0m  [["id", 6], ["LIMIT", 1]]
  ↳ app/controllers/articles_controller.rb:105:in `set_article'
  Rendering articles/show.html.erb within layouts/application
  Rendered articles/show.html.erb within layouts/application (Duration: 0.2ms | Allocations: 85)
[Webpacker] Everything's up-to-date. Nothing to do
Completed 200 OK in 17ms (Views: 4.1ms | ActiveRecord: 0.1ms | MongoDB: 0.0ms | Allocations: 4638)


Started GET "/" for ::1 at 2021-11-08 22:09:59 +0530
Processing by ArticlesController#index as HTML
  Rendering articles/index.html.erb within layouts/application
  [1m[36mArticle Load (0.3ms)[0m  [1m[34mSELECT "articles".* FROM "articles"[0m
  ↳ app/views/articles/index.html.erb:15
  Rendered collection of articles/_article.html.erb [2 times] (Duration: 0.6ms | Allocations: 341)
  Rendered articles/index.html.erb within layouts/application (Duration: 2.0ms | Allocations: 1179)
[Webpacker] Everything's up-to-date. Nothing to do
Completed 200 OK in 7ms (Views: 6.4ms | ActiveRecord: 0.3ms | MongoDB: 0.0ms | Allocations: 5151)


Started GET "/articles/6/versions" for ::1 at 2021-11-08 22:10:02 +0530
Processing by ArticlesController#versions as HTML
  Parameters: {"id"=>"6"}
  [1m[36mArticle Load (0.2ms)[0m  [1m[34mSELECT "articles".* FROM "articles" WHERE "articles"."id" = $1 LIMIT $2[0m  [["id", 6], ["LIMIT", 1]]
  ↳ app/controllers/articles_controller.rb:105:in `set_article'
  Rendering articles/versions.html.erb within layouts/application
MONGODB | localhost:27017 req:30 conn:1:1 sconn:3 | my_paper_db.find | STARTED | {"find"=>"paper_trail_versions", "filter"=>{"item_type"=>"Article", "item_id"=>"6"}, "sort"=>{"created_at"=>1}, "$db"=>"my_paper_db", "lsid"=>{"id"=><BSON::Binary:0x70244429048800 type=uuid data=0x037f84fccb694707...>}}
MONGODB | localhost:27017 req:30 | my_paper_db.find | SUCCEEDED | 0.001s
  [1m[36mCACHE Article Load (0.0ms)[0m  [1m[34mSELECT "articles".* FROM "articles" WHERE "articles"."id" = $1 LIMIT $2[0m  [["id", 6], ["LIMIT", 1]]
  ↳ app/views/articles/_article.html.erb:3
  [1m[36mCACHE Article Load (0.0ms)[0m  [1m[34mSELECT "articles".* FROM "articles" WHERE "articles"."id" = $1 LIMIT $2[0m  [["id", 6], ["LIMIT", 1]]
  ↳ app/views/articles/_article.html.erb:3
  [1m[36mCACHE Article Load (0.0ms)[0m  [1m[34mSELECT "articles".* FROM "articles" WHERE "articles"."id" = $1 LIMIT $2[0m  [["id", 6], ["LIMIT", 1]]
  ↳ app/views/articles/_article.html.erb:4
  [1m[36mCACHE Article Load (0.0ms)[0m  [1m[34mSELECT "articles".* FROM "articles" WHERE "articles"."id" = $1 LIMIT $2[0m  [["id", 6], ["LIMIT", 1]]
  ↳ app/views/articles/_article.html.erb:4
  [1m[36mComment Load (0.5ms)[0m  [1m[34mSELECT "comments".* FROM "comments" WHERE "comments"."article_id" = $1[0m  [["article_id", 6]]
  ↳ app/views/articles/_article.html.erb:7
  Rendered collection of articles/_article.html.erb [2 times] (Duration: 10.8ms | Allocations: 6360)
  Rendered articles/versions.html.erb within layouts/application (Duration: 13.2ms | Allocations: 8582)
[Webpacker] Everything's up-to-date. Nothing to do
Completed 200 OK in 22ms (Views: 19.3ms | ActiveRecord: 0.8ms | MongoDB: 0.0ms | Allocations: 16171)


Started GET "/" for ::1 at 2021-11-08 22:10:04 +0530
Processing by ArticlesController#index as HTML
  Rendering articles/index.html.erb within layouts/application
  [1m[36mArticle Load (0.3ms)[0m  [1m[34mSELECT "articles".* FROM "articles"[0m
  ↳ app/views/articles/index.html.erb:15
  Rendered collection of articles/_article.html.erb [2 times] (Duration: 0.6ms | Allocations: 341)
  Rendered articles/index.html.erb within layouts/application (Duration: 2.4ms | Allocations: 1179)
[Webpacker] Everything's up-to-date. Nothing to do
Completed 200 OK in 9ms (Views: 8.2ms | ActiveRecord: 0.3ms | MongoDB: 0.0ms | Allocations: 5152)


Started GET "/articles/6/edit" for ::1 at 2021-11-08 22:10:28 +0530
Processing by ArticlesController#edit as HTML
  Parameters: {"id"=>"6"}
  [1m[36mArticle Load (0.2ms)[0m  [1m[34mSELECT "articles".* FROM "articles" WHERE "articles"."id" = $1 LIMIT $2[0m  [["id", 6], ["LIMIT", 1]]
  ↳ app/controllers/articles_controller.rb:105:in `set_article'
  Rendering articles/edit.html.erb within layouts/application
  Rendered articles/_form.html.erb (Duration: 1.3ms | Allocations: 744)
  Rendered articles/edit.html.erb within layouts/application (Duration: 1.6ms | Allocations: 861)
[Webpacker] Everything's up-to-date. Nothing to do
Completed 200 OK in 9ms (Views: 6.9ms | ActiveRecord: 0.2ms | MongoDB: 0.0ms | Allocations: 5399)


Started PATCH "/articles/6" for ::1 at 2021-11-08 22:10:58 +0530
Processing by ArticlesController#update as HTML
  Parameters: {"authenticity_token"=>"qdM7InhOEJntSocUrpq+BTsxnw8F/rCwUc697cvaGcGmT3N3cEfNoy3hBGj9R50+61XA8bBb5i0VKxxlmP5btg==", "article"=>{"title"=>"Latest happenings in Ruby", "body"=>"Ruby is one of the best languages to code for web application development and a quick turnaround platform"}, "commit"=>"Update Article", "id"=>"6"}
  [1m[36mArticle Load (0.4ms)[0m  [1m[34mSELECT "articles".* FROM "articles" WHERE "articles"."id" = $1 LIMIT $2[0m  [["id", 6], ["LIMIT", 1]]
  ↳ app/controllers/articles_controller.rb:105:in `set_article'
  [1m[35m (0.1ms)[0m  [1m[35mBEGIN[0m
  ↳ app/controllers/articles_controller.rb:45:in `block in update'
  [1m[36mArticle Update (0.4ms)[0m  [1m[33mUPDATE "articles" SET "body" = $1, "updated_at" = $2 WHERE "articles"."id" = $3[0m  [["body", "Ruby is one of the best languages to code for web application development and a quick turnaround platform"], ["updated_at", "2021-11-08 16:40:58.920847"], ["id", 6]]
  ↳ app/controllers/articles_controller.rb:45:in `block in update'
MONGODB | localhost:27017 req:37 conn:1:1 sconn:3 | my_paper_db.findAndModify | STARTED | {"findAndModify"=>"auto_increment_counters", "query"=>{"_id"=>"mongo_trails/version_integer_id_paper_trail"}, "update"=>{"$inc"=>{"c"=>1}}, "new"=>true, "upsert"=>true, "$db"=>"my_paper_db", "lsid"=>{"id"=><BSON::Binary:0x70244429048800 type=uuid data...
MONGODB | localhost:27017 req:37 | my_paper_db.findAndModify | SUCCEEDED | 0.000s
MONGODB | localhost:27017 req:38 conn:1:1 sconn:3 | my_paper_db.insert | STARTED | {"insert"=>"paper_trail_versions", "ordered"=>true, "documents"=>[{"_id"=>BSON::ObjectId('6189531a0a53650a3e81929f'), "event"=>"update", "whodunnit"=>nil, "created_at"=>2021-11-08 16:40:58 UTC, "object"=>{"id"=>6, "title"=>"Latest happenings in Ruby",...
MONGODB | localhost:27017 req:38 | my_paper_db.insert | SUCCEEDED | 0.000s
  [1m[35m (0.5ms)[0m  [1m[35mCOMMIT[0m
  ↳ app/controllers/articles_controller.rb:45:in `block in update'
Redirected to http://localhost:3000/articles/6
Completed 302 Found in 10ms (ActiveRecord: 1.4ms | MongoDB: 0.0ms | Allocations: 10940)


Started GET "/articles/6" for ::1 at 2021-11-08 22:10:58 +0530
Processing by ArticlesController#show as HTML
  Parameters: {"id"=>"6"}
  [1m[36mArticle Load (0.1ms)[0m  [1m[34mSELECT "articles".* FROM "articles" WHERE "articles"."id" = $1 LIMIT $2[0m  [["id", 6], ["LIMIT", 1]]
  ↳ app/controllers/articles_controller.rb:105:in `set_article'
  Rendering articles/show.html.erb within layouts/application
  Rendered articles/show.html.erb within layouts/application (Duration: 0.2ms | Allocations: 85)
[Webpacker] Everything's up-to-date. Nothing to do
Completed 200 OK in 5ms (Views: 3.5ms | ActiveRecord: 0.1ms | MongoDB: 0.0ms | Allocations: 4634)


Started GET "/" for ::1 at 2021-11-08 22:11:01 +0530
Processing by ArticlesController#index as HTML
  Rendering articles/index.html.erb within layouts/application
  [1m[36mArticle Load (0.3ms)[0m  [1m[34mSELECT "articles".* FROM "articles"[0m
  ↳ app/views/articles/index.html.erb:15
  Rendered collection of articles/_article.html.erb [2 times] (Duration: 0.5ms | Allocations: 341)
  Rendered articles/index.html.erb within layouts/application (Duration: 1.9ms | Allocations: 1179)
[Webpacker] Everything's up-to-date. Nothing to do
Completed 200 OK in 7ms (Views: 6.5ms | ActiveRecord: 0.3ms | MongoDB: 0.0ms | Allocations: 5145)


Started GET "/articles/6/versions" for ::1 at 2021-11-08 22:11:03 +0530
Processing by ArticlesController#versions as HTML
  Parameters: {"id"=>"6"}
  [1m[36mArticle Load (0.2ms)[0m  [1m[34mSELECT "articles".* FROM "articles" WHERE "articles"."id" = $1 LIMIT $2[0m  [["id", 6], ["LIMIT", 1]]
  ↳ app/controllers/articles_controller.rb:105:in `set_article'
  Rendering articles/versions.html.erb within layouts/application
MONGODB | localhost:27017 req:40 conn:1:1 sconn:3 | my_paper_db.find | STARTED | {"find"=>"paper_trail_versions", "filter"=>{"item_type"=>"Article", "item_id"=>"6"}, "sort"=>{"created_at"=>1}, "$db"=>"my_paper_db", "lsid"=>{"id"=><BSON::Binary:0x70244429048800 type=uuid data=0x037f84fccb694707...>}}
MONGODB | localhost:27017 req:40 | my_paper_db.find | SUCCEEDED | 0.000s
  [1m[36mCACHE Article Load (0.0ms)[0m  [1m[34mSELECT "articles".* FROM "articles" WHERE "articles"."id" = $1 LIMIT $2[0m  [["id", 6], ["LIMIT", 1]]
  ↳ app/views/articles/_article.html.erb:3
  [1m[36mCACHE Article Load (0.0ms)[0m  [1m[34mSELECT "articles".* FROM "articles" WHERE "articles"."id" = $1 LIMIT $2[0m  [["id", 6], ["LIMIT", 1]]
  ↳ app/views/articles/_article.html.erb:3
  [1m[36mCACHE Article Load (0.0ms)[0m  [1m[34mSELECT "articles".* FROM "articles" WHERE "articles"."id" = $1 LIMIT $2[0m  [["id", 6], ["LIMIT", 1]]
  ↳ app/views/articles/_article.html.erb:4
  [1m[36mCACHE Article Load (0.0ms)[0m  [1m[34mSELECT "articles".* FROM "articles" WHERE "articles"."id" = $1 LIMIT $2[0m  [["id", 6], ["LIMIT", 1]]
  ↳ app/views/articles/_article.html.erb:4
  [1m[36mComment Load (0.5ms)[0m  [1m[34mSELECT "comments".* FROM "comments" WHERE "comments"."article_id" = $1[0m  [["article_id", 6]]
  ↳ app/views/articles/_article.html.erb:7
  [1m[36mCACHE Article Load (0.0ms)[0m  [1m[34mSELECT "articles".* FROM "articles" WHERE "articles"."id" = $1 LIMIT $2[0m  [["id", 6], ["LIMIT", 1]]
  ↳ app/views/articles/_article.html.erb:3
  [1m[36mCACHE Article Load (0.0ms)[0m  [1m[34mSELECT "articles".* FROM "articles" WHERE "articles"."id" = $1 LIMIT $2[0m  [["id", 6], ["LIMIT", 1]]
  ↳ app/views/articles/_article.html.erb:3
  [1m[36mCACHE Article Load (0.0ms)[0m  [1m[34mSELECT "articles".* FROM "articles" WHERE "articles"."id" = $1 LIMIT $2[0m  [["id", 6], ["LIMIT", 1]]
  ↳ app/views/articles/_article.html.erb:4
  [1m[36mCACHE Article Load (0.0ms)[0m  [1m[34mSELECT "articles".* FROM "articles" WHERE "articles"."id" = $1 LIMIT $2[0m  [["id", 6], ["LIMIT", 1]]
  ↳ app/views/articles/_article.html.erb:4
  Rendered collection of articles/_article.html.erb [3 times] (Duration: 13.0ms | Allocations: 7163)
  Rendered articles/versions.html.erb within layouts/application (Duration: 15.0ms | Allocations: 9202)
[Webpacker] Everything's up-to-date. Nothing to do
Completed 200 OK in 22ms (Views: 19.2ms | ActiveRecord: 0.9ms | MongoDB: 0.0ms | Allocations: 13745)


Started GET "/articles" for ::1 at 2021-11-08 22:11:08 +0530
Processing by ArticlesController#index as HTML
  Rendering articles/index.html.erb within layouts/application
  [1m[36mArticle Load (0.2ms)[0m  [1m[34mSELECT "articles".* FROM "articles"[0m
  ↳ app/views/articles/index.html.erb:15
  Rendered collection of articles/_article.html.erb [2 times] (Duration: 0.5ms | Allocations: 341)
  Rendered articles/index.html.erb within layouts/application (Duration: 1.8ms | Allocations: 1179)
[Webpacker] Everything's up-to-date. Nothing to do
Completed 200 OK in 7ms (Views: 6.3ms | ActiveRecord: 0.2ms | MongoDB: 0.0ms | Allocations: 5147)


Started GET "/" for ::1 at 2021-11-08 22:12:54 +0530
Processing by ArticlesController#index as HTML
  Rendering articles/index.html.erb within layouts/application
  [1m[36mArticle Load (0.3ms)[0m  [1m[34mSELECT "articles".* FROM "articles"[0m
  ↳ app/views/articles/index.html.erb:15
  Rendered collection of articles/_article.html.erb [2 times] (Duration: 0.6ms | Allocations: 341)
  Rendered articles/index.html.erb within layouts/application (Duration: 2.4ms | Allocations: 1179)
[Webpacker] Everything's up-to-date. Nothing to do
Completed 200 OK in 10ms (Views: 9.0ms | ActiveRecord: 0.3ms | MongoDB: 0.0ms | Allocations: 5153)


Started GET "/" for ::1 at 2021-11-08 22:12:55 +0530
Processing by ArticlesController#index as HTML
  Rendering articles/index.html.erb within layouts/application
  [1m[36mArticle Load (0.3ms)[0m  [1m[34mSELECT "articles".* FROM "articles"[0m
  ↳ app/views/articles/index.html.erb:15
  Rendered collection of articles/_article.html.erb [2 times] (Duration: 0.5ms | Allocations: 341)
  Rendered articles/index.html.erb within layouts/application (Duration: 1.8ms | Allocations: 1179)
[Webpacker] Everything's up-to-date. Nothing to do
Completed 200 OK in 7ms (Views: 5.8ms | ActiveRecord: 0.3ms | MongoDB: 0.0ms | Allocations: 5145)


Started GET "/" for ::1 at 2021-11-08 22:12:58 +0530
Processing by ArticlesController#index as HTML
  Rendering articles/index.html.erb within layouts/application
  [1m[36mArticle Load (0.3ms)[0m  [1m[34mSELECT "articles".* FROM "articles"[0m
  ↳ app/views/articles/index.html.erb:15
  Rendered collection of articles/_article.html.erb [2 times] (Duration: 0.5ms | Allocations: 341)
  Rendered articles/index.html.erb within layouts/application (Duration: 1.9ms | Allocations: 1179)
[Webpacker] Everything's up-to-date. Nothing to do
Completed 200 OK in 7ms (Views: 6.0ms | ActiveRecord: 0.3ms | MongoDB: 0.0ms | Allocations: 5156)


Started GET "/" for ::1 at 2021-11-08 22:13:01 +0530
Processing by ArticlesController#index as HTML
  Rendering articles/index.html.erb within layouts/application
  [1m[36mArticle Load (0.3ms)[0m  [1m[34mSELECT "articles".* FROM "articles"[0m
  ↳ app/views/articles/index.html.erb:15
  Rendered collection of articles/_article.html.erb [2 times] (Duration: 0.5ms | Allocations: 341)
  Rendered articles/index.html.erb within layouts/application (Duration: 1.8ms | Allocations: 1179)
[Webpacker] Everything's up-to-date. Nothing to do
Completed 200 OK in 7ms (Views: 6.2ms | ActiveRecord: 0.3ms | MongoDB: 0.0ms | Allocations: 5160)


Started GET "/articles/6/versions" for ::1 at 2021-11-08 22:13:03 +0530
Processing by ArticlesController#versions as HTML
  Parameters: {"id"=>"6"}
  [1m[36mArticle Load (0.2ms)[0m  [1m[34mSELECT "articles".* FROM "articles" WHERE "articles"."id" = $1 LIMIT $2[0m  [["id", 6], ["LIMIT", 1]]
  ↳ app/controllers/articles_controller.rb:105:in `set_article'
  Rendering articles/versions.html.erb within layouts/application
MONGODB | localhost:27017 req:53 conn:1:1 sconn:3 | my_paper_db.find | STARTED | {"find"=>"paper_trail_versions", "filter"=>{"item_type"=>"Article", "item_id"=>"6"}, "sort"=>{"created_at"=>1}, "$db"=>"my_paper_db", "lsid"=>{"id"=><BSON::Binary:0x70244429048800 type=uuid data=0x037f84fccb694707...>}}
MONGODB | localhost:27017 req:53 | my_paper_db.find | SUCCEEDED | 0.001s
  [1m[36mCACHE Article Load (0.0ms)[0m  [1m[34mSELECT "articles".* FROM "articles" WHERE "articles"."id" = $1 LIMIT $2[0m  [["id", 6], ["LIMIT", 1]]
  ↳ app/views/articles/_article.html.erb:3
  [1m[36mCACHE Article Load (0.0ms)[0m  [1m[34mSELECT "articles".* FROM "articles" WHERE "articles"."id" = $1 LIMIT $2[0m  [["id", 6], ["LIMIT", 1]]
  ↳ app/views/articles/_article.html.erb:3
  [1m[36mCACHE Article Load (0.0ms)[0m  [1m[34mSELECT "articles".* FROM "articles" WHERE "articles"."id" = $1 LIMIT $2[0m  [["id", 6], ["LIMIT", 1]]
  ↳ app/views/articles/_article.html.erb:4
  [1m[36mCACHE Article Load (0.0ms)[0m  [1m[34mSELECT "articles".* FROM "articles" WHERE "articles"."id" = $1 LIMIT $2[0m  [["id", 6], ["LIMIT", 1]]
  ↳ app/views/articles/_article.html.erb:4
  [1m[36mComment Load (0.5ms)[0m  [1m[34mSELECT "comments".* FROM "comments" WHERE "comments"."article_id" = $1[0m  [["article_id", 6]]
  ↳ app/views/articles/_article.html.erb:7
  [1m[36mCACHE Article Load (0.0ms)[0m  [1m[34mSELECT "articles".* FROM "articles" WHERE "articles"."id" = $1 LIMIT $2[0m  [["id", 6], ["LIMIT", 1]]
  ↳ app/views/articles/_article.html.erb:3
  [1m[36mCACHE Article Load (0.0ms)[0m  [1m[34mSELECT "articles".* FROM "articles" WHERE "articles"."id" = $1 LIMIT $2[0m  [["id", 6], ["LIMIT", 1]]
  ↳ app/views/articles/_article.html.erb:3
  [1m[36mCACHE Article Load (0.0ms)[0m  [1m[34mSELECT "articles".* FROM "articles" WHERE "articles"."id" = $1 LIMIT $2[0m  [["id", 6], ["LIMIT", 1]]
  ↳ app/views/articles/_article.html.erb:4
  [1m[36mCACHE Article Load (0.0ms)[0m  [1m[34mSELECT "articles".* FROM "articles" WHERE "articles"."id" = $1 LIMIT $2[0m  [["id", 6], ["LIMIT", 1]]
  ↳ app/views/articles/_article.html.erb:4
  Rendered collection of articles/_article.html.erb [3 times] (Duration: 15.9ms | Allocations: 11270)
  Rendered articles/versions.html.erb within layouts/application (Duration: 18.3ms | Allocations: 13891)
[Webpacker] Everything's up-to-date. Nothing to do
Completed 200 OK in 25ms (Views: 22.3ms | ActiveRecord: 0.9ms | MongoDB: 0.0ms | Allocations: 19430)


Started GET "/" for ::1 at 2021-11-08 22:13:07 +0530
Processing by ArticlesController#index as HTML
  Rendering articles/index.html.erb within layouts/application
  [1m[36mArticle Load (0.3ms)[0m  [1m[34mSELECT "articles".* FROM "articles"[0m
  ↳ app/views/articles/index.html.erb:15
  Rendered collection of articles/_article.html.erb [2 times] (Duration: 0.5ms | Allocations: 341)
  Rendered articles/index.html.erb within layouts/application (Duration: 1.8ms | Allocations: 1179)
[Webpacker] Everything's up-to-date. Nothing to do
Completed 200 OK in 7ms (Views: 6.5ms | ActiveRecord: 0.3ms | MongoDB: 0.0ms | Allocations: 5149)


Started DELETE "/articles/5" for ::1 at 2021-11-08 22:13:12 +0530
Processing by ArticlesController#destroy as HTML
  Parameters: {"authenticity_token"=>"XQm/YgpUMtpGbhkMGTD5UCgj4HNOeg0QdGq9xJrQp5TajNVgLYrOJYMNygTlOtGX0RFrDzM3BGFiGVYdzGFouA==", "id"=>"5"}
  [1m[36mArticle Load (0.2ms)[0m  [1m[34mSELECT "articles".* FROM "articles" WHERE "articles"."id" = $1 LIMIT $2[0m  [["id", 5], ["LIMIT", 1]]
  ↳ app/controllers/articles_controller.rb:105:in `set_article'
MONGODB | localhost:27017 req:54 conn:1:1 sconn:3 | my_paper_db.findAndModify | STARTED | {"findAndModify"=>"auto_increment_counters", "query"=>{"_id"=>"mongo_trails/version_integer_id_paper_trail"}, "update"=>{"$inc"=>{"c"=>1}}, "new"=>true, "upsert"=>true, "$db"=>"my_paper_db", "lsid"=>{"id"=><BSON::Binary:0x70244429048800 type=uuid data...
MONGODB | localhost:27017 req:54 | my_paper_db.findAndModify | SUCCEEDED | 0.000s
MONGODB | localhost:27017 req:55 conn:1:1 sconn:3 | my_paper_db.insert | STARTED | {"insert"=>"paper_trail_versions", "ordered"=>true, "documents"=>[{"_id"=>BSON::ObjectId('618953a00a53650a3e8192a0'), "item_id"=>"5", "item_type"=>"Article", "event"=>"destroy", "whodunnit"=>nil, "object"=>{"id"=>5, "title"=>"New Article about Hybrid ...
MONGODB | localhost:27017 req:55 | my_paper_db.insert | SUCCEEDED | 0.000s
  [1m[35m (0.2ms)[0m  [1m[35mBEGIN[0m
  ↳ app/controllers/articles_controller.rb:58:in `destroy'
  [1m[36mComment Load (0.2ms)[0m  [1m[34mSELECT "comments".* FROM "comments" WHERE "comments"."article_id" = $1[0m  [["article_id", 5]]
  ↳ app/controllers/articles_controller.rb:58:in `destroy'
  [1m[36mArticle Destroy (0.5ms)[0m  [1m[31mDELETE FROM "articles" WHERE "articles"."id" = $1[0m  [["id", 5]]
  ↳ app/controllers/articles_controller.rb:58:in `destroy'
  [1m[35m (1.0ms)[0m  [1m[35mCOMMIT[0m
  ↳ app/controllers/articles_controller.rb:58:in `destroy'
Redirected to http://localhost:3000/articles
Completed 302 Found in 11ms (ActiveRecord: 2.1ms | MongoDB: 0.0ms | Allocations: 6905)


Started GET "/articles" for ::1 at 2021-11-08 22:13:12 +0530
Processing by ArticlesController#index as HTML
  Rendering articles/index.html.erb within layouts/application
  [1m[36mArticle Load (0.2ms)[0m  [1m[34mSELECT "articles".* FROM "articles"[0m
  ↳ app/views/articles/index.html.erb:15
  Rendered collection of articles/_article.html.erb [1 times] (Duration: 0.3ms | Allocations: 182)
  Rendered articles/index.html.erb within layouts/application (Duration: 1.6ms | Allocations: 1010)
[Webpacker] Everything's up-to-date. Nothing to do
Completed 200 OK in 6ms (Views: 5.3ms | ActiveRecord: 0.2ms | MongoDB: 0.0ms | Allocations: 4998)


Started GET "/articles/deleted" for ::1 at 2021-11-08 22:13:14 +0530
Processing by ArticlesController#deleted as HTML
Completed 500 Internal Server Error in 1ms (ActiveRecord: 0.6ms | MongoDB: 0.0ms | Allocations: 1161)


  
ActiveRecord::StatementInvalid (PG::UndefinedTable: ERROR:  relation "versions" does not exist
LINE 8:  WHERE a.attrelid = '"versions"'::regclass
                            ^
):
  
app/controllers/articles_controller.rb:83:in `deleted'
Started PUT "/__web_console/repl_sessions/d20e9a5ed6affa839cf64cfdb1cc8b01" for ::1 at 2021-11-08 22:13:23 +0530
Started PUT "/__web_console/repl_sessions/d20e9a5ed6affa839cf64cfdb1cc8b01" for ::1 at 2021-11-08 22:13:27 +0530
Started PUT "/__web_console/repl_sessions/d20e9a5ed6affa839cf64cfdb1cc8b01" for ::1 at 2021-11-08 22:13:29 +0530
Started PUT "/__web_console/repl_sessions/d20e9a5ed6affa839cf64cfdb1cc8b01" for ::1 at 2021-11-08 22:13:37 +0530
Started PUT "/__web_console/repl_sessions/d20e9a5ed6affa839cf64cfdb1cc8b01" for ::1 at 2021-11-08 22:13:38 +0530
Started PUT "/__web_console/repl_sessions/d20e9a5ed6affa839cf64cfdb1cc8b01" for ::1 at 2021-11-08 22:13:40 +0530
Started PUT "/__web_console/repl_sessions/d20e9a5ed6affa839cf64cfdb1cc8b01" for ::1 at 2021-11-08 22:13:43 +0530
Started PUT "/__web_console/repl_sessions/d20e9a5ed6affa839cf64cfdb1cc8b01" for ::1 at 2021-11-08 22:13:47 +0530
Started PUT "/__web_console/repl_sessions/d20e9a5ed6affa839cf64cfdb1cc8b01" for ::1 at 2021-11-08 22:13:48 +0530
Started PUT "/__web_console/repl_sessions/d20e9a5ed6affa839cf64cfdb1cc8b01" for ::1 at 2021-11-08 22:13:51 +0530
Started PUT "/__web_console/repl_sessions/d20e9a5ed6affa839cf64cfdb1cc8b01" for ::1 at 2021-11-08 22:13:51 +0530
Started GET "/articles" for ::1 at 2021-11-08 22:14:12 +0530
Processing by ArticlesController#index as HTML
  Rendering articles/index.html.erb within layouts/application
  [1m[36mArticle Load (0.3ms)[0m  [1m[34mSELECT "articles".* FROM "articles"[0m
  ↳ app/views/articles/index.html.erb:15
  Rendered collection of articles/_article.html.erb [1 times] (Duration: 0.5ms | Allocations: 182)
  Rendered articles/index.html.erb within layouts/application (Duration: 1.9ms | Allocations: 1007)
[Webpacker] Everything's up-to-date. Nothing to do
Completed 200 OK in 8ms (Views: 6.7ms | ActiveRecord: 0.3ms | MongoDB: 0.0ms | Allocations: 4982)


Started GET "/" for ::1 at 2021-11-08 22:14:17 +0530
Processing by ArticlesController#index as HTML
  Rendering articles/index.html.erb within layouts/application
  [1m[36mArticle Load (0.3ms)[0m  [1m[34mSELECT "articles".* FROM "articles"[0m
  ↳ app/views/articles/index.html.erb:15
  Rendered collection of articles/_article.html.erb [1 times] (Duration: 0.3ms | Allocations: 182)
  Rendered articles/index.html.erb within layouts/application (Duration: 1.6ms | Allocations: 1008)
[Webpacker] Everything's up-to-date. Nothing to do
Completed 200 OK in 7ms (Views: 5.8ms | ActiveRecord: 0.3ms | MongoDB: 0.0ms | Allocations: 4973)


Started GET "/" for ::1 at 2021-11-08 22:14:18 +0530
Processing by ArticlesController#index as HTML
  Rendering articles/index.html.erb within layouts/application
  [1m[36mArticle Load (0.2ms)[0m  [1m[34mSELECT "articles".* FROM "articles"[0m
  ↳ app/views/articles/index.html.erb:15
  Rendered collection of articles/_article.html.erb [1 times] (Duration: 0.3ms | Allocations: 182)
  Rendered articles/index.html.erb within layouts/application (Duration: 1.6ms | Allocations: 1008)
[Webpacker] Everything's up-to-date. Nothing to do
Completed 200 OK in 6ms (Views: 5.4ms | ActiveRecord: 0.2ms | MongoDB: 0.0ms | Allocations: 4975)


Started GET "/" for ::1 at 2021-11-08 22:15:40 +0530
Processing by ArticlesController#index as HTML
  Rendering articles/index.html.erb within layouts/application
  [1m[36mArticle Load (0.4ms)[0m  [1m[34mSELECT "articles".* FROM "articles"[0m
  ↳ app/views/articles/index.html.erb:15
  Rendered collection of articles/_article.html.erb [1 times] (Duration: 0.4ms | Allocations: 182)
  Rendered articles/index.html.erb within layouts/application (Duration: 2.0ms | Allocations: 1008)
[Webpacker] Everything's up-to-date. Nothing to do
Completed 200 OK in 7ms (Views: 6.3ms | ActiveRecord: 0.4ms | MongoDB: 0.0ms | Allocations: 4976)


Started GET "/articles/deleted" for ::1 at 2021-11-08 22:15:43 +0530
Processing by ArticlesController#deleted as HTML
Completed 500 Internal Server Error in 1ms (ActiveRecord: 0.6ms | MongoDB: 0.0ms | Allocations: 1156)


  
ActiveRecord::StatementInvalid (PG::UndefinedTable: ERROR:  relation "versions" does not exist
LINE 8:  WHERE a.attrelid = '"versions"'::regclass
                            ^
):
  
app/controllers/articles_controller.rb:83:in `deleted'
Started PUT "/__web_console/repl_sessions/a372596169af309efec5b49c456e9020" for ::1 at 2021-11-08 22:15:49 +0530
Started PUT "/__web_console/repl_sessions/a372596169af309efec5b49c456e9020" for ::1 at 2021-11-08 22:15:53 +0530
Started PUT "/__web_console/repl_sessions/a372596169af309efec5b49c456e9020" for ::1 at 2021-11-08 22:15:53 +0530
  [1m[36mArticle Load (0.2ms)[0m  [1m[34mSELECT "articles".* FROM "articles" LIMIT $1[0m  [["LIMIT", 11]]
Started PUT "/__web_console/repl_sessions/a372596169af309efec5b49c456e9020" for ::1 at 2021-11-08 22:16:01 +0530
Started PUT "/__web_console/repl_sessions/a372596169af309efec5b49c456e9020" for ::1 at 2021-11-08 22:16:04 +0530
Started PUT "/__web_console/repl_sessions/a372596169af309efec5b49c456e9020" for ::1 at 2021-11-08 22:16:06 +0530
Started PUT "/__web_console/repl_sessions/a372596169af309efec5b49c456e9020" for ::1 at 2021-11-08 22:16:07 +0530
Started PUT "/__web_console/repl_sessions/a372596169af309efec5b49c456e9020" for ::1 at 2021-11-08 22:16:24 +0530
Started PUT "/__web_console/repl_sessions/a372596169af309efec5b49c456e9020" for ::1 at 2021-11-08 22:16:26 +0530
Started PUT "/__web_console/repl_sessions/a372596169af309efec5b49c456e9020" for ::1 at 2021-11-08 22:16:27 +0530
Started PUT "/__web_console/repl_sessions/a372596169af309efec5b49c456e9020" for ::1 at 2021-11-08 22:16:30 +0530
Started PUT "/__web_console/repl_sessions/a372596169af309efec5b49c456e9020" for ::1 at 2021-11-08 22:16:31 +0530
Started PUT "/__web_console/repl_sessions/a372596169af309efec5b49c456e9020" for ::1 at 2021-11-08 22:16:45 +0530
Started PUT "/__web_console/repl_sessions/a372596169af309efec5b49c456e9020" for ::1 at 2021-11-08 22:16:46 +0530
Started PUT "/__web_console/repl_sessions/a372596169af309efec5b49c456e9020" for ::1 at 2021-11-08 22:16:52 +0530
Started PUT "/__web_console/repl_sessions/a372596169af309efec5b49c456e9020" for ::1 at 2021-11-08 22:16:54 +0530
Started PUT "/__web_console/repl_sessions/a372596169af309efec5b49c456e9020" for ::1 at 2021-11-08 22:17:00 +0530
Started PUT "/__web_console/repl_sessions/a372596169af309efec5b49c456e9020" for ::1 at 2021-11-08 22:17:07 +0530
Started PUT "/__web_console/repl_sessions/a372596169af309efec5b49c456e9020" for ::1 at 2021-11-08 22:17:12 +0530
Started PUT "/__web_console/repl_sessions/a372596169af309efec5b49c456e9020" for ::1 at 2021-11-08 22:17:13 +0530
Started PUT "/__web_console/repl_sessions/a372596169af309efec5b49c456e9020" for ::1 at 2021-11-08 22:17:15 +0530
Started PUT "/__web_console/repl_sessions/a372596169af309efec5b49c456e9020" for ::1 at 2021-11-08 22:17:16 +0530
Started GET "/articles/deleted" for ::1 at 2021-11-08 22:17:24 +0530
Processing by ArticlesController#deleted as HTML
Completed 500 Internal Server Error in 1ms (ActiveRecord: 0.6ms | MongoDB: 0.0ms | Allocations: 1162)


  
ActiveRecord::StatementInvalid (PG::UndefinedTable: ERROR:  relation "versions" does not exist
LINE 8:  WHERE a.attrelid = '"versions"'::regclass
                            ^
):
  
app/controllers/articles_controller.rb:83:in `deleted'
Started GET "/articles/" for ::1 at 2021-11-08 22:17:25 +0530
Processing by ArticlesController#index as HTML
  Rendering articles/index.html.erb within layouts/application
  [1m[36mArticle Load (0.3ms)[0m  [1m[34mSELECT "articles".* FROM "articles"[0m
  ↳ app/views/articles/index.html.erb:15
  Rendered collection of articles/_article.html.erb [1 times] (Duration: 0.4ms | Allocations: 182)
  Rendered articles/index.html.erb within layouts/application (Duration: 1.9ms | Allocations: 1007)
[Webpacker] Everything's up-to-date. Nothing to do
Completed 200 OK in 7ms (Views: 6.3ms | ActiveRecord: 0.3ms | MongoDB: 0.0ms | Allocations: 4983)


Started GET "/articles" for ::1 at 2021-11-08 22:17:26 +0530
Processing by ArticlesController#index as HTML
  Rendering articles/index.html.erb within layouts/application
  [1m[36mArticle Load (0.2ms)[0m  [1m[34mSELECT "articles".* FROM "articles"[0m
  ↳ app/views/articles/index.html.erb:15
  Rendered collection of articles/_article.html.erb [1 times] (Duration: 0.3ms | Allocations: 182)
  Rendered articles/index.html.erb within layouts/application (Duration: 1.6ms | Allocations: 1008)
[Webpacker] Everything's up-to-date. Nothing to do
Completed 200 OK in 6ms (Views: 5.3ms | ActiveRecord: 0.2ms | MongoDB: 0.0ms | Allocations: 4974)


Started GET "/articles/deleted" for ::1 at 2021-11-08 22:21:28 +0530
Processing by ArticlesController#deleted as HTML
Completed 500 Internal Server Error in 1ms (ActiveRecord: 0.6ms | MongoDB: 0.0ms | Allocations: 1158)


  
ActiveRecord::StatementInvalid (PG::UndefinedTable: ERROR:  relation "versions" does not exist
LINE 8:  WHERE a.attrelid = '"versions"'::regclass
                            ^
):
  
app/controllers/articles_controller.rb:83:in `deleted'
Started PUT "/__web_console/repl_sessions/f77a1df2b5cdd57999b0eeb6ab97ef83" for ::1 at 2021-11-08 22:21:31 +0530
Started PUT "/__web_console/repl_sessions/f77a1df2b5cdd57999b0eeb6ab97ef83" for ::1 at 2021-11-08 22:21:33 +0530
Started PUT "/__web_console/repl_sessions/f77a1df2b5cdd57999b0eeb6ab97ef83" for ::1 at 2021-11-08 22:21:34 +0530
Started PUT "/__web_console/repl_sessions/f77a1df2b5cdd57999b0eeb6ab97ef83" for ::1 at 2021-11-08 22:21:46 +0530
Started PUT "/__web_console/repl_sessions/f77a1df2b5cdd57999b0eeb6ab97ef83" for ::1 at 2021-11-08 22:21:49 +0530
Started PUT "/__web_console/repl_sessions/f77a1df2b5cdd57999b0eeb6ab97ef83" for ::1 at 2021-11-08 22:21:52 +0530
Started PUT "/__web_console/repl_sessions/f77a1df2b5cdd57999b0eeb6ab97ef83" for ::1 at 2021-11-08 22:21:53 +0530
Started PUT "/__web_console/repl_sessions/f77a1df2b5cdd57999b0eeb6ab97ef83" for ::1 at 2021-11-08 22:21:56 +0530
Started PUT "/__web_console/repl_sessions/f77a1df2b5cdd57999b0eeb6ab97ef83" for ::1 at 2021-11-08 22:21:57 +0530
